TN:
SF:src/models/TreeNode.ts
FN:7,(anonymous_0)
FN:14,(anonymous_1)
FNF:2
FNH:2
FNDA:19,(anonymous_0)
FNDA:11,(anonymous_1)
DA:1,1
DA:8,19
DA:9,19
DA:10,19
DA:11,19
DA:15,11
LF:6
LH:6
BRDA:7,0,0,0
BRDA:7,1,0,0
BRF:2
BRH:0
end_of_record
TN:
SF:src/renderers/MarkdownRenderer.ts
FN:7,(anonymous_10)
FN:11,(anonymous_11)
FN:23,(anonymous_12)
FN:27,(anonymous_13)
FN:39,(anonymous_14)
FNF:5
FNH:4
FNDA:5,(anonymous_10)
FNDA:3,(anonymous_11)
FNDA:3,(anonymous_12)
FNDA:4,(anonymous_13)
FNDA:0,(anonymous_14)
DA:1,1
DA:2,1
DA:3,1
DA:6,1
DA:8,5
DA:12,3
DA:13,3
DA:15,2
DA:16,2
DA:17,2
DA:19,0
DA:25,3
DA:28,4
DA:29,1
DA:31,3
DA:32,3
DA:37,3
DA:40,0
DA:41,0
DA:43,0
DA:44,0
DA:48,3
LF:22
LH:17
BRDA:13,0,0,1
BRDA:13,0,1,2
BRDA:28,1,0,1
BRDA:28,1,1,3
BRDA:28,2,0,4
BRDA:28,2,1,3
BRDA:40,3,0,0
BRDA:40,3,1,0
BRDA:40,4,0,0
BRDA:40,4,1,0
BRF:10
BRH:6
end_of_record
TN:
SF:src/renderers/MarpRenderer.ts
FN:7,(anonymous_0)
FN:14,(anonymous_1)
FN:19,(anonymous_2)
FN:24,(anonymous_3)
FNF:4
FNH:4
FNDA:9,(anonymous_0)
FNDA:4,(anonymous_1)
FNDA:3,(anonymous_2)
FNDA:2,(anonymous_3)
DA:1,1
DA:4,1
DA:8,9
DA:15,4
DA:16,4
DA:20,3
DA:21,3
DA:25,2
LF:8
LH:8
BRDA:21,0,0,1
BRDA:21,0,1,2
BRF:2
BRH:2
end_of_record
TN:
SF:src/services/DirectoryTreeBuilder.ts
FN:9,(anonymous_9)
FN:14,(anonymous_10)
FN:28,(anonymous_11)
FN:74,(anonymous_12)
FN:79,(anonymous_13)
FNF:5
FNH:5
FNDA:8,(anonymous_9)
FNDA:8,(anonymous_10)
FNDA:10,(anonymous_11)
FNDA:6,(anonymous_12)
FNDA:4,(anonymous_13)
DA:1,1
DA:2,1
DA:6,1
DA:8,1
DA:10,8
DA:11,8
DA:15,8
DA:16,8
DA:18,8
DA:19,8
DA:22,0
DA:25,8
DA:34,10
DA:35,10
DA:38,9
DA:39,14
DA:40,14
DA:42,14
DA:43,1
DA:46,13
DA:47,2
DA:48,2
DA:49,2
DA:54,9
DA:55,14
DA:56,14
DA:58,14
DA:59,1
DA:62,13
DA:65,9
DA:66,9
DA:70,1
DA:75,6
DA:76,3
DA:79,3
DA:80,4
LF:36
LH:35
BRDA:42,0,0,1
BRDA:42,0,1,13
BRDA:46,1,0,2
BRDA:46,1,1,11
BRDA:46,2,0,13
BRDA:46,2,1,3
BRDA:58,3,0,1
BRDA:58,3,1,13
BRDA:62,4,0,9
BRDA:62,4,1,4
BRDA:62,5,0,13
BRDA:62,5,1,10
BRDA:62,5,2,3
BRDA:75,6,0,3
BRDA:75,6,1,3
BRF:15
BRH:15
end_of_record
TN:
SF:src/services/FileService.ts
FN:6,(anonymous_9)
FN:10,(anonymous_10)
FN:19,(anonymous_11)
FN:24,(anonymous_12)
FNF:4
FNH:4
FNDA:2,(anonymous_9)
FNDA:2,(anonymous_10)
FNDA:3,(anonymous_11)
FNDA:3,(anonymous_12)
DA:1,1
DA:2,1
DA:5,1
DA:7,2
DA:11,2
DA:12,2
DA:13,1
DA:15,1
DA:20,3
DA:21,3
DA:25,3
DA:26,3
LF:12
LH:12
BRDA:26,0,0,3
BRDA:26,0,1,2
BRF:2
BRH:2
end_of_record
TN:
SF:src/services/PathResolver.ts
FN:19,(anonymous_9)
FN:24,(anonymous_10)
FN:31,(anonymous_11)
FN:37,(anonymous_12)
FN:41,(anonymous_13)
FN:42,(anonymous_14)
FNF:6
FNH:6
FNDA:12,(anonymous_9)
FNDA:6,(anonymous_10)
FNDA:3,(anonymous_11)
FNDA:2,(anonymous_12)
FNDA:3,(anonymous_13)
FNDA:20,(anonymous_14)
DA:1,1
DA:4,1
DA:7,12
DA:20,12
DA:21,12
DA:25,6
DA:26,1
DA:28,5
DA:32,3
DA:33,3
DA:34,3
DA:38,2
DA:42,20
LF:13
LH:13
BRDA:19,0,0,11
BRDA:25,1,0,1
BRDA:25,1,1,5
BRF:3
BRH:3
end_of_record
