TN:
SF:src/controllers/ServerController.ts
FN:12,(anonymous_9)
FN:21,(anonymous_10)
FN:31,(anonymous_11)
FN:81,(anonymous_12)
FN:109,(anonymous_13)
FN:125,(anonymous_14)
FN:138,(anonymous_15)
FN:151,(anonymous_16)
FN:159,(anonymous_17)
FN:242,(anonymous_18)
FNF:10
FNH:8
FNDA:11,(anonymous_9)
FNDA:1,(anonymous_10)
FNDA:6,(anonymous_11)
FNDA:2,(anonymous_12)
FNDA:1,(anonymous_13)
FNDA:3,(anonymous_14)
FNDA:0,(anonymous_15)
FNDA:2,(anonymous_16)
FNDA:2,(anonymous_17)
FNDA:0,(anonymous_18)
DA:2,2
DA:11,2
DA:13,11
DA:14,11
DA:15,11
DA:16,11
DA:17,11
DA:18,11
DA:22,1
DA:23,1
DA:24,1
DA:25,1
DA:27,0
DA:32,6
DA:33,6
DA:36,6
DA:37,1
DA:38,1
DA:41,5
DA:44,5
DA:45,1
DA:46,1
DA:50,4
DA:51,1
DA:52,1
DA:55,3
DA:57,2
DA:59,2
DA:61,1
DA:62,1
DA:63,1
DA:66,1
DA:67,1
DA:68,1
DA:69,1
DA:73,0
DA:74,0
DA:77,1
DA:82,2
DA:83,2
DA:86,2
DA:87,0
DA:88,0
DA:92,2
DA:93,1
DA:94,1
DA:97,1
DA:98,1
DA:99,1
DA:101,0
DA:102,0
DA:104,0
DA:110,1
DA:112,1
DA:126,3
DA:128,3
DA:129,0
DA:130,0
DA:136,0
DA:137,0
DA:138,0
DA:139,0
DA:141,0
DA:143,0
DA:144,3
DA:145,2
DA:146,2
DA:149,1
DA:151,1
DA:152,2
DA:156,3
DA:160,2
DA:243,0
LF:73
LH:56
BRDA:36,0,0,1
BRDA:36,0,1,5
BRDA:44,1,0,1
BRDA:44,1,1,4
BRDA:44,2,0,5
BRDA:44,2,1,1
BRDA:50,3,0,1
BRDA:50,3,1,3
BRDA:57,4,0,2
BRDA:57,4,1,0
BRDA:59,5,0,1
BRDA:59,5,1,1
BRDA:86,6,0,0
BRDA:86,6,1,2
BRDA:92,7,0,1
BRDA:92,7,1,1
BRDA:101,8,0,0
BRDA:101,8,1,0
BRDA:118,9,0,0
BRDA:118,9,1,1
BRDA:125,10,0,1
BRDA:128,11,0,0
BRDA:128,11,1,3
BRDA:128,12,0,3
BRDA:128,12,1,1
BRDA:133,13,0,0
BRDA:133,13,1,0
BRDA:136,14,0,0
BRDA:136,14,1,0
BRDA:144,15,0,2
BRDA:144,15,1,1
BRDA:145,16,0,1
BRDA:145,16,1,1
BRDA:149,17,0,1
BRDA:149,17,1,0
BRDA:236,18,0,1
BRDA:236,18,1,1
BRDA:237,19,0,0
BRDA:237,19,1,2
BRF:39
BRH:27
end_of_record
TN:
SF:src/factories/AppFactory.ts
FN:15,(anonymous_0)
FN:32,(anonymous_1)
FN:36,(anonymous_2)
FN:40,(anonymous_3)
FN:47,(anonymous_4)
FN:51,(anonymous_5)
FNF:6
FNH:6
FNDA:2,(anonymous_0)
FNDA:4,(anonymous_1)
FNDA:4,(anonymous_2)
FNDA:3,(anonymous_3)
FNDA:3,(anonymous_4)
FNDA:3,(anonymous_5)
DA:1,1
DA:2,1
DA:3,1
DA:4,1
DA:5,1
DA:6,1
DA:14,1
DA:16,2
DA:17,2
DA:18,2
DA:19,2
DA:20,2
DA:22,2
DA:33,4
DA:37,4
DA:44,3
DA:48,3
DA:52,3
LF:18
LH:18
BRDA:15,0,0,1
BRDA:36,1,0,1
BRF:2
BRH:2
end_of_record
TN:
SF:src/models/TreeNode.ts
FN:7,(anonymous_0)
FN:14,(anonymous_1)
FNF:2
FNH:2
FNDA:22,(anonymous_0)
FNDA:13,(anonymous_1)
DA:1,3
DA:8,22
DA:9,22
DA:10,22
DA:11,22
DA:15,13
LF:6
LH:6
BRDA:7,0,0,0
BRDA:7,1,0,1
BRF:2
BRH:1
end_of_record
TN:
SF:src/renderers/MarkdownRenderer.ts
FN:7,(anonymous_10)
FN:11,(anonymous_11)
FN:23,(anonymous_12)
FN:27,(anonymous_13)
FN:39,(anonymous_14)
FNF:5
FNH:4
FNDA:5,(anonymous_10)
FNDA:3,(anonymous_11)
FNDA:3,(anonymous_12)
FNDA:4,(anonymous_13)
FNDA:0,(anonymous_14)
DA:1,2
DA:2,2
DA:3,2
DA:6,2
DA:8,5
DA:12,3
DA:13,3
DA:15,2
DA:16,2
DA:17,2
DA:19,0
DA:25,3
DA:28,4
DA:29,1
DA:31,3
DA:32,3
DA:37,3
DA:40,0
DA:41,0
DA:43,0
DA:44,0
DA:48,3
LF:22
LH:17
BRDA:13,0,0,1
BRDA:13,0,1,2
BRDA:28,1,0,1
BRDA:28,1,1,3
BRDA:28,2,0,4
BRDA:28,2,1,3
BRDA:40,3,0,0
BRDA:40,3,1,0
BRDA:40,4,0,0
BRDA:40,4,1,0
BRF:10
BRH:6
end_of_record
TN:
SF:src/renderers/MarpRenderer.ts
FN:7,(anonymous_0)
FN:14,(anonymous_1)
FN:19,(anonymous_2)
FN:24,(anonymous_3)
FNF:4
FNH:4
FNDA:12,(anonymous_0)
FNDA:4,(anonymous_1)
FNDA:3,(anonymous_2)
FNDA:2,(anonymous_3)
DA:1,2
DA:4,2
DA:8,12
DA:15,4
DA:16,4
DA:20,3
DA:21,3
DA:25,2
LF:8
LH:8
BRDA:21,0,0,1
BRDA:21,0,1,2
BRF:2
BRH:2
end_of_record
TN:
SF:src/services/DirectoryTreeBuilder.ts
FN:9,(anonymous_9)
FN:14,(anonymous_10)
FN:28,(anonymous_11)
FN:74,(anonymous_12)
FN:79,(anonymous_13)
FNF:5
FNH:5
FNDA:11,(anonymous_9)
FNDA:8,(anonymous_10)
FNDA:10,(anonymous_11)
FNDA:6,(anonymous_12)
FNDA:4,(anonymous_13)
DA:1,2
DA:2,2
DA:6,2
DA:8,2
DA:10,11
DA:11,11
DA:15,8
DA:16,8
DA:18,8
DA:19,8
DA:22,0
DA:25,8
DA:34,10
DA:35,10
DA:38,9
DA:39,14
DA:40,14
DA:42,14
DA:43,1
DA:46,13
DA:47,2
DA:48,2
DA:49,2
DA:54,9
DA:55,14
DA:56,14
DA:58,14
DA:59,1
DA:62,13
DA:65,9
DA:66,9
DA:70,1
DA:75,6
DA:76,3
DA:79,3
DA:80,4
LF:36
LH:35
BRDA:42,0,0,1
BRDA:42,0,1,13
BRDA:46,1,0,2
BRDA:46,1,1,11
BRDA:46,2,0,13
BRDA:46,2,1,3
BRDA:58,3,0,1
BRDA:58,3,1,13
BRDA:62,4,0,9
BRDA:62,4,1,4
BRDA:62,5,0,13
BRDA:62,5,1,10
BRDA:62,5,2,3
BRDA:75,6,0,3
BRDA:75,6,1,3
BRF:15
BRH:15
end_of_record
TN:
SF:src/services/FileService.ts
FN:6,(anonymous_9)
FN:10,(anonymous_10)
FN:19,(anonymous_11)
FN:24,(anonymous_12)
FNF:4
FNH:4
FNDA:2,(anonymous_9)
FNDA:2,(anonymous_10)
FNDA:3,(anonymous_11)
FNDA:3,(anonymous_12)
DA:1,2
DA:2,2
DA:5,2
DA:7,2
DA:11,2
DA:12,2
DA:13,1
DA:15,1
DA:20,3
DA:21,3
DA:25,3
DA:26,3
LF:12
LH:12
BRDA:26,0,0,3
BRDA:26,0,1,2
BRF:2
BRH:2
end_of_record
TN:
SF:src/services/PathResolver.ts
FN:19,(anonymous_9)
FN:24,(anonymous_10)
FN:31,(anonymous_11)
FN:37,(anonymous_12)
FN:41,(anonymous_13)
FN:42,(anonymous_14)
FNF:6
FNH:6
FNDA:16,(anonymous_9)
FNDA:6,(anonymous_10)
FNDA:3,(anonymous_11)
FNDA:2,(anonymous_12)
FNDA:4,(anonymous_13)
FNDA:30,(anonymous_14)
DA:1,2
DA:4,2
DA:7,16
DA:20,16
DA:21,16
DA:25,6
DA:26,1
DA:28,5
DA:32,3
DA:33,3
DA:34,3
DA:38,2
DA:42,30
LF:13
LH:13
BRDA:19,0,0,11
BRDA:25,1,0,1
BRDA:25,1,1,5
BRF:3
BRH:3
end_of_record
